  websocket.cpp
c:\project\ics-167-project3-3fc3adcb49d916552d4dc5938dcb798b592704ad\ics-167-project3-3fc3adcb49d916552d4dc5938dcb798b592704ad\ics167-socketdemonstration\demo4-server\websocket.cpp(94): warning C4477: 'printf' : format string '%s' requires an argument of type 'char *', but variadic argument 1 has type 'LPVOID'
c:\project\ics-167-project3-3fc3adcb49d916552d4dc5938dcb798b592704ad\ics-167-project3-3fc3adcb49d916552d4dc5938dcb798b592704ad\ics167-socketdemonstration\demo4-server\websocket.cpp(167): warning C4267: 'initializing': conversion from 'size_t' to 'int', possible loss of data
c:\project\ics-167-project3-3fc3adcb49d916552d4dc5938dcb798b592704ad\ics-167-project3-3fc3adcb49d916552d4dc5938dcb798b592704ad\ics167-socketdemonstration\demo4-server\websocket.cpp(173): warning C4244: 'initializing': conversion from 'float' to 'int', possible loss of data
c:\project\ics-167-project3-3fc3adcb49d916552d4dc5938dcb798b592704ad\ics-167-project3-3fc3adcb49d916552d4dc5938dcb798b592704ad\ics167-socketdemonstration\demo4-server\websocket.cpp(197): warning C4267: '=': conversion from 'size_t' to 'char', possible loss of data
c:\project\ics-167-project3-3fc3adcb49d916552d4dc5938dcb798b592704ad\ics-167-project3-3fc3adcb49d916552d4dc5938dcb798b592704ad\ics167-socketdemonstration\demo4-server\websocket.cpp(206): warning C4267: '=': conversion from 'size_t' to 'char', possible loss of data
c:\project\ics-167-project3-3fc3adcb49d916552d4dc5938dcb798b592704ad\ics-167-project3-3fc3adcb49d916552d4dc5938dcb798b592704ad\ics167-socketdemonstration\demo4-server\websocket.cpp(207): warning C4267: '=': conversion from 'size_t' to 'char', possible loss of data
c:\project\ics-167-project3-3fc3adcb49d916552d4dc5938dcb798b592704ad\ics-167-project3-3fc3adcb49d916552d4dc5938dcb798b592704ad\ics167-socketdemonstration\demo4-server\websocket.cpp(220): warning C4267: '=': conversion from 'size_t' to 'char', possible loss of data
c:\project\ics-167-project3-3fc3adcb49d916552d4dc5938dcb798b592704ad\ics-167-project3-3fc3adcb49d916552d4dc5938dcb798b592704ad\ics167-socketdemonstration\demo4-server\websocket.cpp(221): warning C4267: '=': conversion from 'size_t' to 'char', possible loss of data
c:\project\ics-167-project3-3fc3adcb49d916552d4dc5938dcb798b592704ad\ics-167-project3-3fc3adcb49d916552d4dc5938dcb798b592704ad\ics167-socketdemonstration\demo4-server\websocket.cpp(222): warning C4267: '=': conversion from 'size_t' to 'char', possible loss of data
c:\project\ics-167-project3-3fc3adcb49d916552d4dc5938dcb798b592704ad\ics-167-project3-3fc3adcb49d916552d4dc5938dcb798b592704ad\ics167-socketdemonstration\demo4-server\websocket.cpp(223): warning C4267: '=': conversion from 'size_t' to 'char', possible loss of data
c:\project\ics-167-project3-3fc3adcb49d916552d4dc5938dcb798b592704ad\ics-167-project3-3fc3adcb49d916552d4dc5938dcb798b592704ad\ics167-socketdemonstration\demo4-server\websocket.cpp(228): warning C4267: 'initializing': conversion from 'size_t' to 'int', possible loss of data
c:\project\ics-167-project3-3fc3adcb49d916552d4dc5938dcb798b592704ad\ics-167-project3-3fc3adcb49d916552d4dc5938dcb798b592704ad\ics167-socketdemonstration\demo4-server\websocket.cpp(279): warning C4267: '=': conversion from 'size_t' to 'int', possible loss of data
c:\project\ics-167-project3-3fc3adcb49d916552d4dc5938dcb798b592704ad\ics-167-project3-3fc3adcb49d916552d4dc5938dcb798b592704ad\ics167-socketdemonstration\demo4-server\websocket.cpp(292): warning C4267: '=': conversion from 'size_t' to 'int', possible loss of data
c:\project\ics-167-project3-3fc3adcb49d916552d4dc5938dcb798b592704ad\ics-167-project3-3fc3adcb49d916552d4dc5938dcb798b592704ad\ics167-socketdemonstration\demo4-server\websocket.cpp(305): warning C4267: '=': conversion from 'size_t' to 'int', possible loss of data
c:\project\ics-167-project3-3fc3adcb49d916552d4dc5938dcb798b592704ad\ics-167-project3-3fc3adcb49d916552d4dc5938dcb798b592704ad\ics167-socketdemonstration\demo4-server\websocket.cpp(444): warning C4267: 'argument': conversion from 'size_t' to 'int', possible loss of data
c:\project\ics-167-project3-3fc3adcb49d916552d4dc5938dcb798b592704ad\ics-167-project3-3fc3adcb49d916552d4dc5938dcb798b592704ad\ics167-socketdemonstration\demo4-server\websocket.cpp(597): warning C4267: 'initializing': conversion from 'size_t' to 'int', possible loss of data
c:\project\ics-167-project3-3fc3adcb49d916552d4dc5938dcb798b592704ad\ics-167-project3-3fc3adcb49d916552d4dc5938dcb798b592704ad\ics167-socketdemonstration\demo4-server\websocket.cpp(599): warning C4267: 'argument': conversion from 'size_t' to 'int', possible loss of data
c:\project\ics-167-project3-3fc3adcb49d916552d4dc5938dcb798b592704ad\ics-167-project3-3fc3adcb49d916552d4dc5938dcb798b592704ad\ics167-socketdemonstration\demo4-server\websocket.cpp(707): warning C4244: '=': conversion from 'SOCKET' to 'int', possible loss of data
c:\project\ics-167-project3-3fc3adcb49d916552d4dc5938dcb798b592704ad\ics-167-project3-3fc3adcb49d916552d4dc5938dcb798b592704ad\ics167-socketdemonstration\demo4-server\websocket.cpp(738): warning C4244: 'initializing': conversion from 'SOCKET' to 'int', possible loss of data
c:\project\ics-167-project3-3fc3adcb49d916552d4dc5938dcb798b592704ad\ics-167-project3-3fc3adcb49d916552d4dc5938dcb798b592704ad\ics167-socketdemonstration\demo4-server\websocket.cpp(745): warning C4473: 'printf' : not enough arguments passed for format string
  c:\project\ics-167-project3-3fc3adcb49d916552d4dc5938dcb798b592704ad\ics-167-project3-3fc3adcb49d916552d4dc5938dcb798b592704ad\ics167-socketdemonstration\demo4-server\websocket.cpp(745): note: placeholders and their parameters expect 2 variadic arguments, but 1 were provided
  c:\project\ics-167-project3-3fc3adcb49d916552d4dc5938dcb798b592704ad\ics-167-project3-3fc3adcb49d916552d4dc5938dcb798b592704ad\ics167-socketdemonstration\demo4-server\websocket.cpp(745): note: the missing variadic argument 2 is required by format string '%d'
  sha1.cpp
c:\project\ics-167-project3-3fc3adcb49d916552d4dc5938dcb798b592704ad\ics-167-project3-3fc3adcb49d916552d4dc5938dcb798b592704ad\ics167-socketdemonstration\demo4-server\sha1.cpp(226): warning C4267: '+=': conversion from 'size_t' to 'unsigned char', possible loss of data
c:\project\ics-167-project3-3fc3adcb49d916552d4dc5938dcb798b592704ad\ics-167-project3-3fc3adcb49d916552d4dc5938dcb798b592704ad\ics167-socketdemonstration\demo4-server\sha1.cpp(233): warning C4267: '+=': conversion from 'size_t' to 'unsigned char', possible loss of data
c:\project\ics-167-project3-3fc3adcb49d916552d4dc5938dcb798b592704ad\ics-167-project3-3fc3adcb49d916552d4dc5938dcb798b592704ad\ics167-socketdemonstration\demo4-server\sha1.cpp(264): warning C4267: '+=': conversion from 'size_t' to 'unsigned char', possible loss of data
  main.cpp
  game.cpp
c:\project\ics-167-project3-3fc3adcb49d916552d4dc5938dcb798b592704ad\ics-167-project3-3fc3adcb49d916552d4dc5938dcb798b592704ad\ics167-socketdemonstration\demo4-server\game.cpp(64): warning C4244: '+=': conversion from 'double' to 'float', possible loss of data
c:\project\ics-167-project3-3fc3adcb49d916552d4dc5938dcb798b592704ad\ics-167-project3-3fc3adcb49d916552d4dc5938dcb798b592704ad\ics167-socketdemonstration\demo4-server\game.cpp(65): warning C4244: '+=': conversion from 'double' to 'float', possible loss of data
  base64.cpp
c:\project\ics-167-project3-3fc3adcb49d916552d4dc5938dcb798b592704ad\ics-167-project3-3fc3adcb49d916552d4dc5938dcb798b592704ad\ics167-socketdemonstration\demo4-server\base64.cpp(85): warning C4267: 'initializing': conversion from 'size_t' to 'int', possible loss of data
c:\project\ics-167-project3-3fc3adcb49d916552d4dc5938dcb798b592704ad\ics-167-project3-3fc3adcb49d916552d4dc5938dcb798b592704ad\ics167-socketdemonstration\demo4-server\base64.cpp(96): warning C4267: '=': conversion from 'size_t' to 'unsigned char', possible loss of data
c:\project\ics-167-project3-3fc3adcb49d916552d4dc5938dcb798b592704ad\ics-167-project3-3fc3adcb49d916552d4dc5938dcb798b592704ad\ics167-socketdemonstration\demo4-server\base64.cpp(113): warning C4267: '=': conversion from 'size_t' to 'unsigned char', possible loss of data
  Generating Code...
  demo4-server.vcxproj -> C:\Project\ICS-167-Project3-3fc3adcb49d916552d4dc5938dcb798b592704ad\ICS-167-Project3-3fc3adcb49d916552d4dc5938dcb798b592704ad\ICS167-SocketDemonstration\x64\Debug\demo4-server.exe
